#
# There is insufficient memory for the Java Runtime Environment to continue.
# Native memory allocation (malloc) failed to allocate 1509920 bytes for Chunk::new
# Possible reasons:
#   The system is out of physical RAM or swap space
#   The process is running with CompressedOops enabled, and the Java Heap may be blocking the growth of the native heap
# Possible solutions:
#   Reduce memory load on the system
#   Increase physical memory or swap space
#   Check if swap backing store is full
#   Decrease Java heap size (-Xmx/-Xms)
#   Decrease number of Java threads
#   Decrease Java thread stack sizes (-Xss)
#   Set larger code cache with -XX:ReservedCodeCacheSize=
#   JVM is running with Unscaled Compressed Oops mode in which the Java heap is
#     placed in the first 4GB address space. The Java Heap base address is the
#     maximum limit for the native heap growth. Please use -XX:HeapBaseMinAddress
#     to set the Java Heap base and to place the Java Heap above 4GB virtual address.
# This output file may be truncated or incomplete.
#
#  Out of Memory Error (arena.cpp:168), pid=11076, tid=21892
#
# JRE version: Java(TM) SE Runtime Environment (21.0.9+7) (build 21.0.9+7-LTS-338)
# Java VM: Java HotSpot(TM) 64-Bit Server VM (21.0.9+7-LTS-338, mixed mode, sharing, tiered, compressed oops, compressed class ptrs, g1 gc, windows-amd64)
# No core dump will be written. Minidumps are not enabled by default on client versions of Windows
#

---------------  S U M M A R Y ------------

Command Line: --module-path=C:\Users\sajjad laptop\Downloads\openjfx-21.0.2_windows-x64_bin-sdk\javafx-sdk-21.0.2\lib --add-modules=javafx.controls,javafx.fxml -javaagent:C:\Program Files\JetBrains\IntelliJ IDEA Community Edition 2025.2.1\lib\idea_rt.jar=63822 -Dfile.encoding=UTF-8 -Dsun.stdout.encoding=UTF-8 -Dsun.stderr.encoding=UTF-8 Main

Host: Intel(R) Core(TM) i5-8365U CPU @ 1.60GHz, 8 cores, 7G,  Windows 11 , 64 bit Build 26100 (10.0.26100.8246)
Time: Sat Apr 25 17:33:08 2026 Pakistan Standard Time elapsed time: 5.133391 seconds (0d 0h 0m 5s)

---------------  T H R E A D  ---------------

Current thread (0x00000210486b89b0):  JavaThread "C2 CompilerThread1" daemon [_thread_in_native, id=21892, stack(0x0000007d8d000000,0x0000007d8d100000) (1024K)]


Current CompileTask:
C2:   5133 1805       4       java.lang.invoke.MethodType::methodType (69 bytes)

Stack: [0x0000007d8d000000,0x0000007d8d100000]
Native frames: (J=compiled Java code, j=interpreted, Vv=VM code, C=native code)
V  [jvm.dll+0x6cbf89]
V  [jvm.dll+0x858421]
V  [jvm.dll+0x85a94e]
V  [jvm.dll+0x85b023]
V  [jvm.dll+0x27ebc6]
V  [jvm.dll+0xc4f4d]
V  [jvm.dll+0xc5483]
V  [jvm.dll+0x3b69fc]
V  [jvm.dll+0x382925]
V  [jvm.dll+0x381d9a]
V  [jvm.dll+0x247640]
V  [jvm.dll+0x246c1f]
V  [jvm.dll+0x1c7a3e]
V  [jvm.dll+0x256329]
V  [jvm.dll+0x2548ba]
V  [jvm.dll+0x3efdee]
V  [jvm.dll+0x80265b]
V  [jvm.dll+0x6ca66d]
C  [ucrtbase.dll+0x37b0]
C  [KERNEL32.DLL+0x2e8d7]
C  [ntdll.dll+0x8c3fc]


---------------  P R O C E S S  ---------------

Threads class SMR info:
_java_thread_list=0x0000021048899660, length=20, elements={
0x00000210652a5970, 0x000002107fbd3eb0, 0x000002107fbdaae0, 0x000002107fbe0d10,
0x000002107fbe1c00, 0x000002107fbe29c0, 0x000002107fbe3700, 0x000002107fbf2090,
0x000002107fbf4f50, 0x00000210470b64c0, 0x000002104765dad0, 0x0000021047d72820,
0x0000021047c86530, 0x00000210475ce7f0, 0x00000210471e3120, 0x0000021047d5b130,
0x0000021047d4e760, 0x000002104818ca40, 0x00000210486b89b0, 0x00000210487e3cf0
}

Java Threads: ( => current thread )
  0x00000210652a5970 JavaThread "main"                              [_thread_blocked, id=15216, stack(0x0000007d8ac00000,0x0000007d8ad00000) (1024K)]
  0x000002107fbd3eb0 JavaThread "Reference Handler"          daemon [_thread_blocked, id=21316, stack(0x0000007d8b400000,0x0000007d8b500000) (1024K)]
  0x000002107fbdaae0 JavaThread "Finalizer"                  daemon [_thread_blocked, id=21820, stack(0x0000007d8b500000,0x0000007d8b600000) (1024K)]
  0x000002107fbe0d10 JavaThread "Signal Dispatcher"          daemon [_thread_blocked, id=8404, stack(0x0000007d8b600000,0x0000007d8b700000) (1024K)]
  0x000002107fbe1c00 JavaThread "Attach Listener"            daemon [_thread_blocked, id=10548, stack(0x0000007d8b700000,0x0000007d8b800000) (1024K)]
  0x000002107fbe29c0 JavaThread "Service Thread"             daemon [_thread_blocked, id=18816, stack(0x0000007d8b800000,0x0000007d8b900000) (1024K)]
  0x000002107fbe3700 JavaThread "Monitor Deflation Thread"   daemon [_thread_blocked, id=6128, stack(0x0000007d8b900000,0x0000007d8ba00000) (1024K)]
  0x000002107fbf2090 JavaThread "C2 CompilerThread0"         daemon [_thread_in_native, id=17888, stack(0x0000007d8ba00000,0x0000007d8bb00000) (1024K)]
  0x000002107fbf4f50 JavaThread "C1 CompilerThread0"         daemon [_thread_blocked, id=3484, stack(0x0000007d8bb00000,0x0000007d8bc00000) (1024K)]
  0x00000210470b64c0 JavaThread "Common-Cleaner"             daemon [_thread_blocked, id=15588, stack(0x0000007d8bc00000,0x0000007d8bd00000) (1024K)]
  0x000002104765dad0 JavaThread "Monitor Ctrl-Break"         daemon [_thread_in_native, id=22216, stack(0x0000007d8bf00000,0x0000007d8c000000) (1024K)]
  0x0000021047d72820 JavaThread "Notification Thread"        daemon [_thread_blocked, id=22064, stack(0x0000007d8c000000,0x0000007d8c100000) (1024K)]
  0x0000021047c86530 JavaThread "QuantumRenderer-0"          daemon [_thread_blocked, id=11664, stack(0x0000007d8be00000,0x0000007d8bf00000) (1024K)]
  0x00000210475ce7f0 JavaThread "InvokeLaterDispatcher"      daemon [_thread_blocked, id=12704, stack(0x0000007d8bd00000,0x0000007d8be00000) (1024K)]
  0x00000210471e3120 JavaThread "JavaFX Application Thread"         [_thread_in_Java, id=18700, stack(0x0000007d8c100000,0x0000007d8c200000) (1024K)]
  0x0000021047d5b130 JavaThread "JavaFX-Launcher"                   [_thread_blocked, id=20108, stack(0x0000007d8c600000,0x0000007d8c700000) (1024K)]
  0x0000021047d4e760 JavaThread "Thread-2"                   daemon [_thread_in_native, id=1680, stack(0x0000007d8c500000,0x0000007d8c600000) (1024K)]
  0x000002104818ca40 JavaThread "Prism Font Disposer"        daemon [_thread_blocked, id=12120, stack(0x0000007d8cc00000,0x0000007d8cd00000) (1024K)]
=>0x00000210486b89b0 JavaThread "C2 CompilerThread1"         daemon [_thread_in_native, id=21892, stack(0x0000007d8d000000,0x0000007d8d100000) (1024K)]
  0x00000210487e3cf0 JavaThread "C2 CompilerThread2"         daemon [_thread_in_native, id=10096, stack(0x0000007d8d300000,0x0000007d8d400000) (1024K)]
Total: 20

Other Threads:
  0x000002107fbb3340 VMThread "VM Thread"                           [id=4584, stack(0x0000007d8b300000,0x0000007d8b400000) (1024K)]
  0x00000210652a1320 WatcherThread "VM Periodic Task Thread"        [id=17936, stack(0x0000007d8b200000,0x0000007d8b300000) (1024K)]
  0x00000210652fe8a0 WorkerThread "GC Thread#0"                     [id=5344, stack(0x0000007d8ad00000,0x0000007d8ae00000) (1024K)]
  0x0000021047d59fd0 WorkerThread "GC Thread#1"                     [id=19324, stack(0x0000007d8c700000,0x0000007d8c800000) (1024K)]
  0x0000021047d59c20 WorkerThread "GC Thread#2"                     [id=16660, stack(0x0000007d8c800000,0x0000007d8c900000) (1024K)]
  0x0000021047d5a380 WorkerThread "GC Thread#3"                     [id=15836, stack(0x0000007d8c900000,0x0000007d8ca00000) (1024K)]
  0x0000021047d58d60 WorkerThread "GC Thread#4"                     [id=20588, stack(0x0000007d8ca00000,0x0000007d8cb00000) (1024K)]
  0x0000021047d59110 WorkerThread "GC Thread#5"                     [id=6468, stack(0x0000007d8cb00000,0x0000007d8cc00000) (1024K)]
  0x0000021047d5a730 WorkerThread "GC Thread#6"                     [id=1384, stack(0x0000007d8d100000,0x0000007d8d200000) (1024K)]
  0x0000021047d594c0 WorkerThread "GC Thread#7"                     [id=16112, stack(0x0000007d8d200000,0x0000007d8d300000) (1024K)]
  0x0000021065310110 ConcurrentGCThread "G1 Main Marker"            [id=5124, stack(0x0000007d8ae00000,0x0000007d8af00000) (1024K)]
  0x0000021065311bd0 WorkerThread "G1 Conc#0"                       [id=5996, stack(0x0000007d8af00000,0x0000007d8b000000) (1024K)]
  0x000002107fa6e140 ConcurrentGCThread "G1 Refine#0"               [id=11984, stack(0x0000007d8b000000,0x0000007d8b100000) (1024K)]
  0x000002107fa6fa80 ConcurrentGCThread "G1 Service"                [id=20792, stack(0x0000007d8b100000,0x0000007d8b200000) (1024K)]
Total: 14

Threads with active compile tasks:
C2 CompilerThread0     5247 1752       4       java.lang.invoke.MethodType::makeImpl (109 bytes)
C1 CompilerThread0     5247 2137       3       javafx.beans.property.DoublePropertyBase::fireValueChangedEvent (8 bytes)
C2 CompilerThread1     5247 1805       4       java.lang.invoke.MethodType::methodType (69 bytes)
C2 CompilerThread2     5247 2096       4       com.sun.javafx.css.BitSet::addAll (374 bytes)
Total: 4

VM state: not at safepoint (normal execution)

VM Mutex/Monitor currently owned by a thread: None

Heap address: 0x0000000083000000, size: 2000 MB, Compressed Oops mode: 32-bit

CDS archive(s) mapped at: [0x0000021002000000-0x0000021002c90000-0x0000021002c90000), size 13172736, SharedBaseAddress: 0x0000021002000000, ArchiveRelocationMode: 1.
Compressed class space mapped at: 0x0000021003000000-0x0000021043000000, reserved size: 1073741824
Narrow klass base: 0x0000021002000000, Narrow klass shift: 0, Narrow klass range: 0x100000000

GC Precious Log:
 CardTable entry size: 512
 Card Set container configuration: InlinePtr #cards 5 size 8 Array Of Cards #cards 12 size 40 Howl #buckets 4 coarsen threshold 1843 Howl Bitmap #cards 512 size 80 coarsen threshold 460 Card regions per heap region 1 cards per card region 2048
 CPUs: 8 total, 8 available
 Memory: 7998M
 Large Page Support: Disabled
 NUMA Support: Disabled
 Compressed Oops: Enabled (32-bit)
 Heap Region Size: 1M
 Heap Min Capacity: 8M
 Heap Initial Capacity: 126M
 Heap Max Capacity: 2000M
 Pre-touch: Disabled
 Parallel Workers: 8
 Concurrent Workers: 2
 Concurrent Refinement Workers: 8
 Periodic GC: Disabled

Heap:
 garbage-first heap   total 129024K, used 23718K [0x0000000083000000, 0x0000000100000000)
  region size 1024K, 23 young (23552K), 4 survivors (4096K)
 Metaspace       used 15817K, committed 16192K, reserved 1114112K
  class space    used 2570K, committed 2752K, reserved 1048576K

Heap Regions: E=young(eden), S=young(survivor), O=old, HS=humongous(starts), HC=humongous(continues), CS=collection set, F=free, TAMS=top-at-mark-start, PB=parsable bottom
|   0|0x0000000083000000, 0x0000000083100000, 0x0000000083100000|100%| O|  |TAMS 0x0000000083000000| PB 0x0000000083000000| Untracked 
|   1|0x0000000083100000, 0x0000000083200000, 0x0000000083200000|100%| O|  |TAMS 0x0000000083100000| PB 0x0000000083100000| Untracked 
|   2|0x0000000083200000, 0x00000000832842c0, 0x0000000083300000| 51%| O|  |TAMS 0x0000000083200000| PB 0x0000000083200000| Untracked 
|   3|0x0000000083300000, 0x0000000083300000, 0x0000000083400000|  0%| F|  |TAMS 0x0000000083300000| PB 0x0000000083300000| Untracked 
|   4|0x0000000083400000, 0x0000000083400000, 0x0000000083500000|  0%| F|  |TAMS 0x0000000083400000| PB 0x0000000083400000| Untracked 
|   5|0x0000000083500000, 0x0000000083500000, 0x0000000083600000|  0%| F|  |TAMS 0x0000000083500000| PB 0x0000000083500000| Untracked 
|   6|0x0000000083600000, 0x0000000083600000, 0x0000000083700000|  0%| F|  |TAMS 0x0000000083600000| PB 0x0000000083600000| Untracked 
|   7|0x0000000083700000, 0x0000000083700000, 0x0000000083800000|  0%| F|  |TAMS 0x0000000083700000| PB 0x0000000083700000| Untracked 
|   8|0x0000000083800000, 0x0000000083800000, 0x0000000083900000|  0%| F|  |TAMS 0x0000000083800000| PB 0x0000000083800000| Untracked 
|   9|0x0000000083900000, 0x0000000083900000, 0x0000000083a00000|  0%| F|  |TAMS 0x0000000083900000| PB 0x0000000083900000| Untracked 
|  10|0x0000000083a00000, 0x0000000083a00000, 0x0000000083b00000|  0%| F|  |TAMS 0x0000000083a00000| PB 0x0000000083a00000| Untracked 
|  11|0x0000000083b00000, 0x0000000083b00000, 0x0000000083c00000|  0%| F|  |TAMS 0x0000000083b00000| PB 0x0000000083b00000| Untracked 
|  12|0x0000000083c00000, 0x0000000083c00000, 0x0000000083d00000|  0%| F|  |TAMS 0x0000000083c00000| PB 0x0000000083c00000| Untracked 
|  13|0x0000000083d00000, 0x0000000083d00000, 0x0000000083e00000|  0%| F|  |TAMS 0x0000000083d00000| PB 0x0000000083d00000| Untracked 
|  14|0x0000000083e00000, 0x0000000083e00000, 0x0000000083f00000|  0%| F|  |TAMS 0x0000000083e00000| PB 0x0000000083e00000| Untracked 
|  15|0x0000000083f00000, 0x0000000083f00000, 0x0000000084000000|  0%| F|  |TAMS 0x0000000083f00000| PB 0x0000000083f00000| Untracked 
|  16|0x0000000084000000, 0x0000000084000000, 0x0000000084100000|  0%| F|  |TAMS 0x0000000084000000| PB 0x0000000084000000| Untracked 
|  17|0x0000000084100000, 0x0000000084100000, 0x0000000084200000|  0%| F|  |TAMS 0x0000000084100000| PB 0x0000000084100000| Untracked 
|  18|0x0000000084200000, 0x0000000084200000, 0x0000000084300000|  0%| F|  |TAMS 0x0000000084200000| PB 0x0000000084200000| Untracked 
|  19|0x0000000084300000, 0x0000000084300000, 0x0000000084400000|  0%| F|  |TAMS 0x0000000084300000| PB 0x0000000084300000| Untracked 
|  20|0x0000000084400000, 0x0000000084400000, 0x0000000084500000|  0%| F|  |TAMS 0x0000000084400000| PB 0x0000000084400000| Untracked 
|  21|0x0000000084500000, 0x0000000084500000, 0x0000000084600000|  0%| F|  |TAMS 0x0000000084500000| PB 0x0000000084500000| Untracked 
|  22|0x0000000084600000, 0x0000000084600000, 0x0000000084700000|  0%| F|  |TAMS 0x0000000084600000| PB 0x0000000084600000| Untracked 
|  23|0x0000000084700000, 0x0000000084700000, 0x0000000084800000|  0%| F|  |TAMS 0x0000000084700000| PB 0x0000000084700000| Untracked 
|  24|0x0000000084800000, 0x0000000084800000, 0x0000000084900000|  0%| F|  |TAMS 0x0000000084800000| PB 0x0000000084800000| Untracked 
|  25|0x0000000084900000, 0x0000000084900000, 0x0000000084a00000|  0%| F|  |TAMS 0x0000000084900000| PB 0x0000000084900000| Untracked 
|  26|0x0000000084a00000, 0x0000000084a00000, 0x0000000084b00000|  0%| F|  |TAMS 0x0000000084a00000| PB 0x0000000084a00000| Untracked 
|  27|0x0000000084b00000, 0x0000000084b00000, 0x0000000084c00000|  0%| F|  |TAMS 0x0000000084b00000| PB 0x0000000084b00000| Untracked 
|  28|0x0000000084c00000, 0x0000000084c00000, 0x0000000084d00000|  0%| F|  |TAMS 0x0000000084c00000| PB 0x0000000084c00000| Untracked 
|  29|0x0000000084d00000, 0x0000000084d00000, 0x0000000084e00000|  0%| F|  |TAMS 0x0000000084d00000| PB 0x0000000084d00000| Untracked 
|  30|0x0000000084e00000, 0x0000000084e00000, 0x0000000084f00000|  0%| F|  |TAMS 0x0000000084e00000| PB 0x0000000084e00000| Untracked 
|  31|0x0000000084f00000, 0x0000000084f00000, 0x0000000085000000|  0%| F|  |TAMS 0x0000000084f00000| PB 0x0000000084f00000| Untracked 
|  32|0x0000000085000000, 0x0000000085000000, 0x0000000085100000|  0%| F|  |TAMS 0x0000000085000000| PB 0x0000000085000000| Untracked 
|  33|0x0000000085100000, 0x0000000085100000, 0x0000000085200000|  0%| F|  |TAMS 0x0000000085100000| PB 0x0000000085100000| Untracked 
|  34|0x0000000085200000, 0x0000000085200000, 0x0000000085300000|  0%| F|  |TAMS 0x0000000085200000| PB 0x0000000085200000| Untracked 
|  35|0x0000000085300000, 0x0000000085300000, 0x0000000085400000|  0%| F|  |TAMS 0x0000000085300000| PB 0x0000000085300000| Untracked 
|  36|0x0000000085400000, 0x0000000085400000, 0x0000000085500000|  0%| F|  |TAMS 0x0000000085400000| PB 0x0000000085400000| Untracked 
|  37|0x0000000085500000, 0x0000000085500000, 0x0000000085600000|  0%| F|  |TAMS 0x0000000085500000| PB 0x0000000085500000| Untracked 
|  38|0x0000000085600000, 0x0000000085600000, 0x0000000085700000|  0%| F|  |TAMS 0x0000000085600000| PB 0x0000000085600000| Untracked 
|  39|0x0000000085700000, 0x0000000085700000, 0x0000000085800000|  0%| F|  |TAMS 0x0000000085700000| PB 0x0000000085700000| Untracked 
|  40|0x0000000085800000, 0x0000000085800000, 0x0000000085900000|  0%| F|  |TAMS 0x0000000085800000| PB 0x0000000085800000| Untracked 
|  41|0x0000000085900000, 0x0000000085900000, 0x0000000085a00000|  0%| F|  |TAMS 0x0000000085900000| PB 0x0000000085900000| Untracked 
|  42|0x0000000085a00000, 0x0000000085a00000, 0x0000000085b00000|  0%| F|  |TAMS 0x0000000085a00000| PB 0x0000000085a00000| Untracked 
|  43|0x0000000085b00000, 0x0000000085b00000, 0x0000000085c00000|  0%| F|  |TAMS 0x0000000085b00000| PB 0x0000000085b00000| Untracked 
|  44|0x0000000085c00000, 0x0000000085c00000, 0x0000000085d00000|  0%| F|  |TAMS 0x0000000085c00000| PB 0x0000000085c00000| Untracked 
|  45|0x0000000085d00000, 0x0000000085d00000, 0x0000000085e00000|  0%| F|  |TAMS 0x0000000085d00000| PB 0x0000000085d00000| Untracked 
|  46|0x0000000085e00000, 0x0000000085e00000, 0x0000000085f00000|  0%| F|  |TAMS 0x0000000085e00000| PB 0x0000000085e00000| Untracked 
|  47|0x0000000085f00000, 0x0000000085f00000, 0x0000000086000000|  0%| F|  |TAMS 0x0000000085f00000| PB 0x0000000085f00000| Untracked 
|  48|0x0000000086000000, 0x0000000086000000, 0x0000000086100000|  0%| F|  |TAMS 0x0000000086000000| PB 0x0000000086000000| Untracked 
|  49|0x0000000086100000, 0x0000000086100000, 0x0000000086200000|  0%| F|  |TAMS 0x0000000086100000| PB 0x0000000086100000| Untracked 
|  50|0x0000000086200000, 0x0000000086200000, 0x0000000086300000|  0%| F|  |TAMS 0x0000000086200000| PB 0x0000000086200000| Untracked 
|  51|0x0000000086300000, 0x0000000086300000, 0x0000000086400000|  0%| F|  |TAMS 0x0000000086300000| PB 0x0000000086300000| Untracked 
|  52|0x0000000086400000, 0x0000000086400000, 0x0000000086500000|  0%| F|  |TAMS 0x0000000086400000| PB 0x0000000086400000| Untracked 
|  53|0x0000000086500000, 0x0000000086500000, 0x0000000086600000|  0%| F|  |TAMS 0x0000000086500000| PB 0x0000000086500000| Untracked 
|  54|0x0000000086600000, 0x0000000086600000, 0x0000000086700000|  0%| F|  |TAMS 0x0000000086600000| PB 0x0000000086600000| Untracked 
|  55|0x0000000086700000, 0x0000000086700000, 0x0000000086800000|  0%| F|  |TAMS 0x0000000086700000| PB 0x0000000086700000| Untracked 
|  56|0x0000000086800000, 0x0000000086800000, 0x0000000086900000|  0%| F|  |TAMS 0x0000000086800000| PB 0x0000000086800000| Untracked 
|  57|0x0000000086900000, 0x0000000086900000, 0x0000000086a00000|  0%| F|  |TAMS 0x0000000086900000| PB 0x0000000086900000| Untracked 
|  58|0x0000000086a00000, 0x0000000086a00000, 0x0000000086b00000|  0%| F|  |TAMS 0x0000000086a00000| PB 0x0000000086a00000| Untracked 
|  59|0x0000000086b00000, 0x0000000086b00000, 0x0000000086c00000|  0%| F|  |TAMS 0x0000000086b00000| PB 0x0000000086b00000| Untracked 
|  60|0x0000000086c00000, 0x0000000086c00000, 0x0000000086d00000|  0%| F|  |TAMS 0x0000000086c00000| PB 0x0000000086c00000| Untracked 
|  61|0x0000000086d00000, 0x0000000086d00000, 0x0000000086e00000|  0%| F|  |TAMS 0x0000000086d00000| PB 0x0000000086d00000| Untracked 
|  62|0x0000000086e00000, 0x0000000086e00000, 0x0000000086f00000|  0%| F|  |TAMS 0x0000000086e00000| PB 0x0000000086e00000| Untracked 
|  63|0x0000000086f00000, 0x0000000086f00000, 0x0000000087000000|  0%| F|  |TAMS 0x0000000086f00000| PB 0x0000000086f00000| Untracked 
|  64|0x0000000087000000, 0x0000000087000000, 0x0000000087100000|  0%| F|  |TAMS 0x0000000087000000| PB 0x0000000087000000| Untracked 
|  65|0x0000000087100000, 0x0000000087100000, 0x0000000087200000|  0%| F|  |TAMS 0x0000000087100000| PB 0x0000000087100000| Untracked 
|  66|0x0000000087200000, 0x0000000087200000, 0x0000000087300000|  0%| F|  |TAMS 0x0000000087200000| PB 0x0000000087200000| Untracked 
|  67|0x0000000087300000, 0x0000000087300000, 0x0000000087400000|  0%| F|  |TAMS 0x0000000087300000| PB 0x0000000087300000| Untracked 
|  68|0x0000000087400000, 0x0000000087400000, 0x0000000087500000|  0%| F|  |TAMS 0x0000000087400000| PB 0x0000000087400000| Untracked 
|  69|0x0000000087500000, 0x0000000087500000, 0x0000000087600000|  0%| F|  |TAMS 0x0000000087500000| PB 0x0000000087500000| Untracked 
|  70|0x0000000087600000, 0x0000000087600000, 0x0000000087700000|  0%| F|  |TAMS 0x0000000087600000| PB 0x0000000087600000| Untracked 
|  71|0x0000000087700000, 0x0000000087700000, 0x0000000087800000|  0%| F|  |TAMS 0x0000000087700000| PB 0x0000000087700000| Untracked 
|  72|0x0000000087800000, 0x0000000087800000, 0x0000000087900000|  0%| F|  |TAMS 0x0000000087800000| PB 0x0000000087800000| Untracked 
|  73|0x0000000087900000, 0x0000000087900000, 0x0000000087a00000|  0%| F|  |TAMS 0x0000000087900000| PB 0x0000000087900000| Untracked 
|  74|0x0000000087a00000, 0x0000000087a00000, 0x0000000087b00000|  0%| F|  |TAMS 0x0000000087a00000| PB 0x0000000087a00000| Untracked 
|  75|0x0000000087b00000, 0x0000000087b00000, 0x0000000087c00000|  0%| F|  |TAMS 0x0000000087b00000| PB 0x0000000087b00000| Untracked 
|  76|0x0000000087c00000, 0x0000000087c00000, 0x0000000087d00000|  0%| F|  |TAMS 0x0000000087c00000| PB 0x0000000087c00000| Untracked 
|  77|0x0000000087d00000, 0x0000000087d00000, 0x0000000087e00000|  0%| F|  |TAMS 0x0000000087d00000| PB 0x0000000087d00000| Untracked 
|  78|0x0000000087e00000, 0x0000000087e00000, 0x0000000087f00000|  0%| F|  |TAMS 0x0000000087e00000| PB 0x0000000087e00000| Untracked 
|  79|0x0000000087f00000, 0x0000000087f00000, 0x0000000088000000|  0%| F|  |TAMS 0x0000000087f00000| PB 0x0000000087f00000| Untracked 
|  80|0x0000000088000000, 0x0000000088000000, 0x0000000088100000|  0%| F|  |TAMS 0x0000000088000000| PB 0x0000000088000000| Untracked 
|  81|0x0000000088100000, 0x0000000088100000, 0x0000000088200000|  0%| F|  |TAMS 0x0000000088100000| PB 0x0000000088100000| Untracked 
|  82|0x0000000088200000, 0x0000000088200000, 0x0000000088300000|  0%| F|  |TAMS 0x0000000088200000| PB 0x0000000088200000| Untracked 
|  83|0x0000000088300000, 0x0000000088300000, 0x0000000088400000|  0%| F|  |TAMS 0x0000000088300000| PB 0x0000000088300000| Untracked 
|  84|0x0000000088400000, 0x0000000088400000, 0x0000000088500000|  0%| F|  |TAMS 0x0000000088400000| PB 0x0000000088400000| Untracked 
|  85|0x0000000088500000, 0x00000000885a56c8, 0x0000000088600000| 64%| S|CS|TAMS 0x0000000088500000| PB 0x0000000088500000| Complete 
|  86|0x0000000088600000, 0x0000000088700000, 0x0000000088700000|100%| S|CS|TAMS 0x0000000088600000| PB 0x0000000088600000| Complete 
|  87|0x0000000088700000, 0x0000000088800000, 0x0000000088800000|100%| S|CS|TAMS 0x0000000088700000| PB 0x0000000088700000| Complete 
|  88|0x0000000088800000, 0x0000000088900000, 0x0000000088900000|100%| S|CS|TAMS 0x0000000088800000| PB 0x0000000088800000| Complete 
|  89|0x0000000088900000, 0x0000000088900000, 0x0000000088a00000|  0%| F|  |TAMS 0x0000000088900000| PB 0x0000000088900000| Untracked 
|  90|0x0000000088a00000, 0x0000000088a00000, 0x0000000088b00000|  0%| F|  |TAMS 0x0000000088a00000| PB 0x0000000088a00000| Untracked 
|  91|0x0000000088b00000, 0x0000000088b00000, 0x0000000088c00000|  0%| F|  |TAMS 0x0000000088b00000| PB 0x0000000088b00000| Untracked 
|  92|0x0000000088c00000, 0x0000000088c00000, 0x0000000088d00000|  0%| F|  |TAMS 0x0000000088c00000| PB 0x0000000088c00000| Untracked 
|  93|0x0000000088d00000, 0x0000000088d00000, 0x0000000088e00000|  0%| F|  |TAMS 0x0000000088d00000| PB 0x0000000088d00000| Untracked 
|  94|0x0000000088e00000, 0x0000000088e00000, 0x0000000088f00000|  0%| F|  |TAMS 0x0000000088e00000| PB 0x0000000088e00000| Untracked 
|  95|0x0000000088f00000, 0x0000000088f00000, 0x0000000089000000|  0%| F|  |TAMS 0x0000000088f00000| PB 0x0000000088f00000| Untracked 
|  96|0x0000000089000000, 0x0000000089000000, 0x0000000089100000|  0%| F|  |TAMS 0x0000000089000000| PB 0x0000000089000000| Untracked 
|  97|0x0000000089100000, 0x0000000089100000, 0x0000000089200000|  0%| F|  |TAMS 0x0000000089100000| PB 0x0000000089100000| Untracked 
|  98|0x0000000089200000, 0x0000000089200000, 0x0000000089300000|  0%| F|  |TAMS 0x0000000089200000| PB 0x0000000089200000| Untracked 
|  99|0x0000000089300000, 0x0000000089300000, 0x0000000089400000|  0%| F|  |TAMS 0x0000000089300000| PB 0x0000000089300000| Untracked 
| 100|0x0000000089400000, 0x0000000089400000, 0x0000000089500000|  0%| F|  |TAMS 0x0000000089400000| PB 0x0000000089400000| Untracked 
| 101|0x0000000089500000, 0x0000000089500000, 0x0000000089600000|  0%| F|  |TAMS 0x0000000089500000| PB 0x0000000089500000| Untracked 
| 102|0x0000000089600000, 0x0000000089600000, 0x0000000089700000|  0%| F|  |TAMS 0x0000000089600000| PB 0x0000000089600000| Untracked 
| 103|0x0000000089700000, 0x0000000089700000, 0x0000000089800000|  0%| F|  |TAMS 0x0000000089700000| PB 0x0000000089700000| Untracked 
| 104|0x0000000089800000, 0x0000000089800000, 0x0000000089900000|  0%| F|  |TAMS 0x0000000089800000| PB 0x0000000089800000| Untracked 
| 105|0x0000000089900000, 0x0000000089900000, 0x0000000089a00000|  0%| F|  |TAMS 0x0000000089900000| PB 0x0000000089900000| Untracked 
| 106|0x0000000089a00000, 0x0000000089a00000, 0x0000000089b00000|  0%| F|  |TAMS 0x0000000089a00000| PB 0x0000000089a00000| Untracked 
| 107|0x0000000089b00000, 0x0000000089bf7bd8, 0x0000000089c00000| 96%| E|  |TAMS 0x0000000089b00000| PB 0x0000000089b00000| Complete 
| 108|0x0000000089c00000, 0x0000000089d00000, 0x0000000089d00000|100%| E|CS|TAMS 0x0000000089c00000| PB 0x0000000089c00000| Complete 
| 109|0x0000000089d00000, 0x0000000089e00000, 0x0000000089e00000|100%| E|CS|TAMS 0x0000000089d00000| PB 0x0000000089d00000| Complete 
| 110|0x0000000089e00000, 0x0000000089f00000, 0x0000000089f00000|100%| E|CS|TAMS 0x0000000089e00000| PB 0x0000000089e00000| Complete 
| 111|0x0000000089f00000, 0x000000008a000000, 0x000000008a000000|100%| E|CS|TAMS 0x0000000089f00000| PB 0x0000000089f00000| Complete 
| 112|0x000000008a000000, 0x000000008a100000, 0x000000008a100000|100%| E|CS|TAMS 0x000000008a000000| PB 0x000000008a000000| Complete 
| 113|0x000000008a100000, 0x000000008a200000, 0x000000008a200000|100%| E|CS|TAMS 0x000000008a100000| PB 0x000000008a100000| Complete 
| 114|0x000000008a200000, 0x000000008a300000, 0x000000008a300000|100%| E|CS|TAMS 0x000000008a200000| PB 0x000000008a200000| Complete 
| 115|0x000000008a300000, 0x000000008a400000, 0x000000008a400000|100%| E|CS|TAMS 0x000000008a300000| PB 0x000000008a300000| Complete 
| 116|0x000000008a400000, 0x000000008a500000, 0x000000008a500000|100%| E|CS|TAMS 0x000000008a400000| PB 0x000000008a400000| Complete 
| 117|0x000000008a500000, 0x000000008a600000, 0x000000008a600000|100%| E|CS|TAMS 0x000000008a500000| PB 0x000000008a500000| Complete 
| 118|0x000000008a600000, 0x000000008a700000, 0x000000008a700000|100%| E|  |TAMS 0x000000008a600000| PB 0x000000008a600000| Complete 
| 119|0x000000008a700000, 0x000000008a800000, 0x000000008a800000|100%| E|CS|TAMS 0x000000008a700000| PB 0x000000008a700000| Complete 
| 120|0x000000008a800000, 0x000000008a900000, 0x000000008a900000|100%| E|CS|TAMS 0x000000008a800000| PB 0x000000008a800000| Complete 
| 121|0x000000008a900000, 0x000000008aa00000, 0x000000008aa00000|100%| E|CS|TAMS 0x000000008a900000| PB 0x000000008a900000| Complete 
| 122|0x000000008aa00000, 0x000000008ab00000, 0x000000008ab00000|100%| E|CS|TAMS 0x000000008aa00000| PB 0x000000008aa00000| Complete 
| 123|0x000000008ab00000, 0x000000008ac00000, 0x000000008ac00000|100%| E|CS|TAMS 0x000000008ab00000| PB 0x000000008ab00000| Complete 
| 124|0x000000008ac00000, 0x000000008ad00000, 0x000000008ad00000|100%| E|CS|TAMS 0x000000008ac00000| PB 0x000000008ac00000| Complete 
| 125|0x000000008ad00000, 0x000000008ae00000, 0x000000008ae00000|100%| E|CS|TAMS 0x000000008ad00000| PB 0x000000008ad00000| Complete 

Card table byte_map: [0x000002107ce80000,0x000002107d270000] _byte_map_base: 0x000002107ca68000

Marking Bits: (CMBitMap*) 0x00000210652fefb0
 Bits: [0x000002107d270000, 0x000002107f1b0000)

Polling page: 0x0000021063280000

Metaspace:

Usage:
  Non-class:     12.94 MB used.
      Class:      2.51 MB used.
       Both:     15.45 MB used.

Virtual space:
  Non-class space:       64.00 MB reserved,      13.12 MB ( 21%) committed,  1 nodes.
      Class space:        1.00 GB reserved,       2.69 MB ( <1%) committed,  1 nodes.
             Both:        1.06 GB reserved,      15.81 MB (  1%) committed. 

Chunk freelists:
   Non-Class:  2.48 MB
       Class:  13.22 MB
        Both:  15.70 MB

MaxMetaspaceSize: unlimited
CompressedClassSpaceSize: 1.00 GB
Initial GC threshold: 21.00 MB
Current GC threshold: 21.00 MB
CDS: on
 - commit_granule_bytes: 65536.
 - commit_granule_words: 8192.
 - virtual_space_node_default_size: 8388608.
 - enlarge_chunks_in_place: 1.
 - use_allocation_guard: 0.


Internal statistics:

num_allocs_failed_limit: 0.
num_arena_births: 298.
num_arena_deaths: 0.
num_vsnodes_births: 2.
num_vsnodes_deaths: 0.
num_space_committed: 253.
num_space_uncommitted: 0.
num_chunks_returned_to_freelist: 0.
num_chunks_taken_from_freelist: 813.
num_chunk_merges: 0.
num_chunk_splits: 578.
num_chunks_enlarged: 446.
num_inconsistent_stats: 0.

CodeHeap 'non-profiled nmethods': size=120000Kb used=817Kb max_used=817Kb free=119182Kb
 bounds [0x0000021075220000, 0x0000021075490000, 0x000002107c750000]
CodeHeap 'profiled nmethods': size=120000Kb used=3971Kb max_used=3971Kb free=116028Kb
 bounds [0x000002106d750000, 0x000002106db40000, 0x0000021074c80000]
CodeHeap 'non-nmethods': size=5760Kb used=1697Kb max_used=1759Kb free=4062Kb
 bounds [0x0000021074c80000, 0x0000021074ef0000, 0x0000021075220000]
 total_blobs=2858 nmethods=2125 adapters=637
 compilation: enabled
              stopped_count=0, restarted_count=0
 full_count=0

Compilation events (20 events):
Event: 4.118 Thread 0x000002107fbf4f50 nmethod 2073 0x000002106daf7290 code [0x000002106daf74c0, 0x000002106daf7ba0]
Event: 4.118 Thread 0x000002107fbf4f50 2074       3       com.sun.javafx.util.Utils::deriveColor (327 bytes)
Event: 4.120 Thread 0x000002107fbf4f50 nmethod 2074 0x000002106daf7e10 code [0x000002106daf81a0, 0x000002106daf8e38]
Event: 4.120 Thread 0x000002107fbf4f50 2077       3       javafx.scene.CssStyleHelper::lookupInheritedFontProperty (158 bytes)
Event: 4.121 Thread 0x000002107fbf4f50 nmethod 2077 0x000002106daf9210 code [0x000002106daf94a0, 0x000002106dafa0b8]
Event: 4.121 Thread 0x000002107fbf4f50 2078       3       javafx.scene.layout.VBox::requestLayout (15 bytes)
Event: 4.121 Thread 0x000002107fbf4f50 nmethod 2078 0x000002106dafa590 code [0x000002106dafa760, 0x000002106dafaa10]
Event: 4.121 Thread 0x000002107fbf4f50 2075       3       com.sun.javafx.util.Utils::RGBtoHSB (227 bytes)
Event: 4.122 Thread 0x000002107fbf4f50 nmethod 2075 0x000002106dafab10 code [0x000002106dafad20, 0x000002106dafb2e8]
Event: 4.122 Thread 0x000002107fbf4f50 2081       3       javafx.scene.CssStyleHelper$CacheContainer::<init> (236 bytes)
Event: 4.124 Thread 0x000002107fbf4f50 nmethod 2081 0x000002106dafb390 code [0x000002106dafb660, 0x000002106dafc858]
Event: 4.124 Thread 0x000002107fbf4f50 2080       3       javafx.beans.property.DoubleProperty::<init> (5 bytes)
Event: 4.125 Thread 0x000002107fbf4f50 nmethod 2080 0x000002106dafce90 code [0x000002106dafd040, 0x000002106dafd2c0]
Event: 4.125 Thread 0x000002107fbf4f50 2082       3       com.sun.javafx.collections.TrackableObservableList$$Lambda/0x00000210030a2350::onChanged (9 bytes)
Event: 4.125 Thread 0x000002107fbf4f50 nmethod 2082 0x000002106dafd410 code [0x000002106dafd5c0, 0x000002106dafd7f8]
Event: 4.125 Thread 0x000002107fbf4f50 2083       3       com.sun.javafx.collections.TrackableObservableList::lambda$new$0 (6 bytes)
Event: 4.125 Thread 0x000002107fbf4f50 nmethod 2083 0x000002106dafd910 code [0x000002106dafdac0, 0x000002106dafdc88]
Event: 4.125 Thread 0x000002107fbf4f50 2076       3       com.sun.javafx.css.CascadingStyle::<init> (26 bytes)
Event: 4.126 Thread 0x000002107fbf4f50 nmethod 2076 0x000002106dafdd10 code [0x000002106dafdee0, 0x000002106dafe250]
Event: 4.127 Thread 0x000002107fbf4f50 2086       3       javafx.scene.control.Control::getCssMetaData (199 bytes)

GC Heap History (4 events):
Event: 1.237 GC heap before
{Heap before GC invocations=0 (full 0):
 garbage-first heap   total 129024K, used 22528K [0x0000000083000000, 0x0000000100000000)
  region size 1024K, 23 young (23552K), 0 survivors (0K)
 Metaspace       used 4691K, committed 4992K, reserved 1114112K
  class space    used 546K, committed 704K, reserved 1048576K
}
Event: 1.243 GC heap after
{Heap after GC invocations=1 (full 0):
 garbage-first heap   total 129024K, used 3011K [0x0000000083000000, 0x0000000100000000)
  region size 1024K, 3 young (3072K), 3 survivors (3072K)
 Metaspace       used 4691K, committed 4992K, reserved 1114112K
  class space    used 546K, committed 704K, reserved 1048576K
}
Event: 3.528 GC heap before
{Heap before GC invocations=1 (full 0):
 garbage-first heap   total 129024K, used 36803K [0x0000000083000000, 0x0000000100000000)
  region size 1024K, 37 young (37888K), 3 survivors (3072K)
 Metaspace       used 12644K, committed 12928K, reserved 1114112K
  class space    used 1868K, committed 1984K, reserved 1048576K
}
Event: 3.537 GC heap after
{Heap after GC invocations=2 (full 0):
 garbage-first heap   total 129024K, used 6310K [0x0000000083000000, 0x0000000100000000)
  region size 1024K, 4 young (4096K), 4 survivors (4096K)
 Metaspace       used 12644K, committed 12928K, reserved 1114112K
  class space    used 1868K, committed 1984K, reserved 1048576K
}

Dll operation events (20 events):
Event: 0.679 Loaded shared library C:\Users\sajjad laptop\Downloads\openjfx-21.0.2_windows-x64_bin-sdk\javafx-sdk-21.0.2\bin\api-ms-win-crt-locale-l1-1-0.dll
Event: 0.682 Loaded shared library C:\Users\sajjad laptop\Downloads\openjfx-21.0.2_windows-x64_bin-sdk\javafx-sdk-21.0.2\bin\api-ms-win-crt-math-l1-1-0.dll
Event: 0.686 Loaded shared library C:\Users\sajjad laptop\Downloads\openjfx-21.0.2_windows-x64_bin-sdk\javafx-sdk-21.0.2\bin\api-ms-win-crt-multibyte-l1-1-0.dll
Event: 0.691 Loaded shared library C:\Users\sajjad laptop\Downloads\openjfx-21.0.2_windows-x64_bin-sdk\javafx-sdk-21.0.2\bin\api-ms-win-crt-private-l1-1-0.dll
Event: 0.695 Loaded shared library C:\Users\sajjad laptop\Downloads\openjfx-21.0.2_windows-x64_bin-sdk\javafx-sdk-21.0.2\bin\api-ms-win-crt-process-l1-1-0.dll
Event: 0.699 Loaded shared library C:\Users\sajjad laptop\Downloads\openjfx-21.0.2_windows-x64_bin-sdk\javafx-sdk-21.0.2\bin\api-ms-win-crt-runtime-l1-1-0.dll
Event: 0.702 Loaded shared library C:\Users\sajjad laptop\Downloads\openjfx-21.0.2_windows-x64_bin-sdk\javafx-sdk-21.0.2\bin\api-ms-win-crt-stdio-l1-1-0.dll
Event: 0.707 Loaded shared library C:\Users\sajjad laptop\Downloads\openjfx-21.0.2_windows-x64_bin-sdk\javafx-sdk-21.0.2\bin\api-ms-win-crt-string-l1-1-0.dll
Event: 0.711 Loaded shared library C:\Users\sajjad laptop\Downloads\openjfx-21.0.2_windows-x64_bin-sdk\javafx-sdk-21.0.2\bin\api-ms-win-crt-time-l1-1-0.dll
Event: 0.715 Loaded shared library C:\Users\sajjad laptop\Downloads\openjfx-21.0.2_windows-x64_bin-sdk\javafx-sdk-21.0.2\bin\api-ms-win-crt-utility-l1-1-0.dll
Event: 0.723 Loaded shared library C:\Users\sajjad laptop\Downloads\openjfx-21.0.2_windows-x64_bin-sdk\javafx-sdk-21.0.2\bin\ucrtbase.dll
Event: 0.728 Loaded shared library C:\Users\sajjad laptop\Downloads\openjfx-21.0.2_windows-x64_bin-sdk\javafx-sdk-21.0.2\bin\vcruntime140.dll
Event: 0.732 Loaded shared library C:\Users\sajjad laptop\Downloads\openjfx-21.0.2_windows-x64_bin-sdk\javafx-sdk-21.0.2\bin\vcruntime140_1.dll
Event: 0.740 Loaded shared library C:\Users\sajjad laptop\Downloads\openjfx-21.0.2_windows-x64_bin-sdk\javafx-sdk-21.0.2\bin\msvcp140.dll
Event: 0.745 Loaded shared library C:\Users\sajjad laptop\Downloads\openjfx-21.0.2_windows-x64_bin-sdk\javafx-sdk-21.0.2\bin\msvcp140_1.dll
Event: 0.753 Loaded shared library C:\Users\sajjad laptop\Downloads\openjfx-21.0.2_windows-x64_bin-sdk\javafx-sdk-21.0.2\bin\msvcp140_2.dll
Event: 0.869 Loaded shared library C:\Users\sajjad laptop\Downloads\openjfx-21.0.2_windows-x64_bin-sdk\javafx-sdk-21.0.2\bin\prism_d3d.dll
Event: 0.972 Loaded shared library C:\Users\sajjad laptop\Downloads\openjfx-21.0.2_windows-x64_bin-sdk\javafx-sdk-21.0.2\bin\glass.dll
Event: 1.209 Loaded shared library C:\Program Files\Java\jdk-21\bin\jimage.dll
Event: 1.517 Loaded shared library C:\Users\sajjad laptop\Downloads\openjfx-21.0.2_windows-x64_bin-sdk\javafx-sdk-21.0.2\bin\javafx_font.dll

Deoptimization events (20 events):
Event: 3.634 Thread 0x00000210471e3120 Uncommon trap: trap_request=0xffffffc6 fr.pc=0x0000021075288e10 relative=0x0000000000000330
Event: 3.634 Thread 0x00000210471e3120 Uncommon trap: reason=bimorphic_or_optimized_type_check action=maybe_recompile pc=0x0000021075288e10 method=java.util.concurrent.ConcurrentHashMap.get(Ljava/lang/Object;)Ljava/lang/Object; @ 149 c2
Event: 3.634 Thread 0x00000210471e3120 DEOPT PACKING pc=0x0000021075288e10 sp=0x0000007d8c1fcde0
Event: 3.634 Thread 0x00000210471e3120 DEOPT UNPACKING pc=0x0000021074cd46a2 sp=0x0000007d8c1fcd50 mode 2
Event: 3.634 Thread 0x00000210471e3120 Uncommon trap: trap_request=0xffffffc6 fr.pc=0x0000021075288e10 relative=0x0000000000000330
Event: 3.634 Thread 0x00000210471e3120 Uncommon trap: reason=bimorphic_or_optimized_type_check action=maybe_recompile pc=0x0000021075288e10 method=java.util.concurrent.ConcurrentHashMap.get(Ljava/lang/Object;)Ljava/lang/Object; @ 149 c2
Event: 3.634 Thread 0x00000210471e3120 DEOPT PACKING pc=0x0000021075288e10 sp=0x0000007d8c1fceb0
Event: 3.634 Thread 0x00000210471e3120 DEOPT UNPACKING pc=0x0000021074cd46a2 sp=0x0000007d8c1fce20 mode 2
Event: 3.634 Thread 0x00000210471e3120 Uncommon trap: trap_request=0xffffffc6 fr.pc=0x0000021075288e10 relative=0x0000000000000330
Event: 3.634 Thread 0x00000210471e3120 Uncommon trap: reason=bimorphic_or_optimized_type_check action=maybe_recompile pc=0x0000021075288e10 method=java.util.concurrent.ConcurrentHashMap.get(Ljava/lang/Object;)Ljava/lang/Object; @ 149 c2
Event: 3.634 Thread 0x00000210471e3120 DEOPT PACKING pc=0x0000021075288e10 sp=0x0000007d8c1fcde0
Event: 3.634 Thread 0x00000210471e3120 DEOPT UNPACKING pc=0x0000021074cd46a2 sp=0x0000007d8c1fcd50 mode 2
Event: 3.949 Thread 0x00000210471e3120 Uncommon trap: trap_request=0xffffff45 fr.pc=0x0000021075296c98 relative=0x00000000000001f8
Event: 3.949 Thread 0x00000210471e3120 Uncommon trap: reason=unstable_if action=reinterpret pc=0x0000021075296c98 method=java.io.ByteArrayInputStream.read()I @ 8 c2
Event: 3.949 Thread 0x00000210471e3120 DEOPT PACKING pc=0x0000021075296c98 sp=0x0000007d8c1fb5f0
Event: 3.949 Thread 0x00000210471e3120 DEOPT UNPACKING pc=0x0000021074cd46a2 sp=0x0000007d8c1fb598 mode 2
Event: 4.131 Thread 0x00000210471e3120 Uncommon trap: trap_request=0xffffff45 fr.pc=0x00000210752d3de4 relative=0x0000000000000204
Event: 5.126 Thread 0x00000210471e3120 Uncommon trap: reason=unstable_if action=reinterpret pc=0x00000210752d3de4 method=java.util.HashMap.getNode(Ljava/lang/Object;)Ljava/util/HashMap$Node; @ 66 c2
Event: 5.126 Thread 0x00000210471e3120 DEOPT PACKING pc=0x00000210752d3de4 sp=0x0000007d8c1fcc50
Event: 5.126 Thread 0x00000210471e3120 DEOPT UNPACKING pc=0x0000021074cd46a2 sp=0x0000007d8c1fcb60 mode 2

Classes loaded (20 events):
Event: 3.950 Loading class jdk/internal/icu/impl/ICUBinary$Authenticate done
Event: 3.951 Loading class jdk/internal/icu/impl/UBiDiProps$IsAcceptable done
Event: 3.952 Loading class jdk/internal/icu/impl/Trie2_16
Event: 3.952 Loading class jdk/internal/icu/impl/Trie2
Event: 3.952 Loading class jdk/internal/icu/impl/Trie2 done
Event: 3.953 Loading class jdk/internal/icu/impl/Trie2_16 done
Event: 3.953 Loading class jdk/internal/icu/impl/Trie2$1
Event: 3.953 Loading class jdk/internal/icu/impl/Trie2$ValueMapper
Event: 3.953 Loading class jdk/internal/icu/impl/Trie2$ValueMapper done
Event: 3.953 Loading class jdk/internal/icu/impl/Trie2$1 done
Event: 3.953 Loading class jdk/internal/icu/impl/Trie2$UTrie2Header
Event: 3.954 Loading class jdk/internal/icu/impl/Trie2$UTrie2Header done
Event: 3.959 Loading class jdk/internal/foreign/MemorySessionImpl
Event: 3.959 Loading class java/lang/foreign/MemorySegment$Scope
Event: 3.959 Loading class java/lang/foreign/MemorySegment$Scope done
Event: 3.959 Loading class jdk/internal/foreign/MemorySessionImpl done
Event: 3.962 Loading class jdk/internal/icu/text/UTF16
Event: 3.963 Loading class jdk/internal/icu/text/UTF16 done
Event: 3.963 Loading class jdk/internal/icu/text/BidiLine
Event: 3.964 Loading class jdk/internal/icu/text/BidiLine done

Classes unloaded (0 events):
No events

Classes redefined (0 events):
No events

Internal exceptions (20 events):
Event: 1.740 Thread 0x00000210471e3120 Exception <a 'java/lang/NoSuchMethodError'{0x0000000089e984a8}: 'void java.lang.invoke.DirectMethodHandle$Holder.invokeSpecial(java.lang.Object, java.lang.Object, double)'> (0x0000000089e984a8) 
thrown [s\open\src\hotspot\share\interpreter\linkResolver.cpp, line 773]
Event: 1.742 Thread 0x00000210471e3120 Exception <a 'java/lang/NoSuchMethodError'{0x0000000089ea30e0}: 'double java.lang.invoke.DelegatingMethodHandle$Holder.reinvoke_L(java.lang.Object, java.lang.Object, int)'> (0x0000000089ea30e0) 
thrown [s\open\src\hotspot\share\interpreter\linkResolver.cpp, line 773]
Event: 1.745 Thread 0x00000210471e3120 Exception <a 'java/lang/NoSuchMethodError'{0x0000000089eb4b50}: 'java.lang.Object java.lang.invoke.DirectMethodHandle$Holder.invokeStatic(java.lang.Object, java.lang.Object, java.lang.Object, java.lang.Object, int)'> (0x0000000089eb4b50) 
thrown [s\open\src\hotspot\share\interpreter\linkResolver.cpp, line 773]
Event: 1.747 Thread 0x00000210471e3120 Exception <a 'java/lang/NoSuchMethodError'{0x0000000089ebfcb0}: 'void java.lang.invoke.DelegatingMethodHandle$Holder.reinvoke_L(java.lang.Object, java.lang.Object, double)'> (0x0000000089ebfcb0) 
thrown [s\open\src\hotspot\share\interpreter\linkResolver.cpp, line 773]
Event: 1.802 Thread 0x00000210471e3120 Exception <a 'java/lang/NoSuchMethodError'{0x0000000089ca5298}: 'void java.lang.invoke.Invokers$Holder.invokeExact_MT(java.lang.Object, java.lang.Object, java.lang.Object, java.lang.Object)'> (0x0000000089ca5298) 
thrown [s\open\src\hotspot\share\interpreter\linkResolver.cpp, line 773]
Event: 1.875 Thread 0x00000210471e3120 Exception <a 'java/lang/NoSuchMethodError'{0x0000000089a16778}: 'void java.lang.invoke.DirectMethodHandle$Holder.invokeSpecial(java.lang.Object, java.lang.Object, int)'> (0x0000000089a16778) 
thrown [s\open\src\hotspot\share\interpreter\linkResolver.cpp, line 773]
Event: 1.876 Thread 0x00000210471e3120 Exception <a 'java/lang/NoSuchMethodError'{0x0000000089a1a5a8}: 'int java.lang.invoke.DirectMethodHandle$Holder.invokeSpecial(java.lang.Object, java.lang.Object, java.lang.Object, int)'> (0x0000000089a1a5a8) 
thrown [s\open\src\hotspot\share\interpreter\linkResolver.cpp, line 773]
Event: 1.877 Thread 0x00000210471e3120 Exception <a 'java/lang/NoSuchMethodError'{0x0000000089a244b0}: 'void java.lang.invoke.DelegatingMethodHandle$Holder.reinvoke_L(java.lang.Object, java.lang.Object, int)'> (0x0000000089a244b0) 
thrown [s\open\src\hotspot\share\interpreter\linkResolver.cpp, line 773]
Event: 1.878 Thread 0x00000210471e3120 Exception <a 'java/lang/NoSuchMethodError'{0x0000000089a27ee8}: 'int java.lang.invoke.DirectMethodHandle$Holder.invokeSpecial(java.lang.Object, java.lang.Object, java.lang.Object)'> (0x0000000089a27ee8) 
thrown [s\open\src\hotspot\share\interpreter\linkResolver.cpp, line 773]
Event: 2.004 Thread 0x00000210471e3120 Implicit null exception at 0x0000021075277aad to 0x0000021075278744
Event: 2.107 Thread 0x00000210471e3120 Implicit null exception at 0x0000021075298540 to 0x000002107529879c
Event: 2.112 Thread 0x00000210471e3120 Implicit null exception at 0x00000210752953c0 to 0x0000021075295614
Event: 2.125 Thread 0x00000210471e3120 Implicit null exception at 0x000002107523ff40 to 0x000002107523ffc5
Event: 3.466 Thread 0x00000210471e3120 Exception <a 'java/lang/NoSuchMethodError'{0x0000000088a12340}: 'java.lang.Object java.lang.invoke.DirectMethodHandle$Holder.invokeInterface(java.lang.Object, java.lang.Object, java.lang.Object)'> (0x0000000088a12340) 
thrown [s\open\src\hotspot\share\interpreter\linkResolver.cpp, line 773]
Event: 3.467 Thread 0x00000210471e3120 Exception <a 'java/lang/IncompatibleClassChangeError'{0x0000000088a159f8}: Found class java.lang.Object, but interface was expected> (0x0000000088a159f8) 
thrown [s\open\src\hotspot\share\interpreter\linkResolver.cpp, line 840]
Event: 3.630 Thread 0x00000210471e3120 Exception <a 'java/lang/ClassNotFoundException'{0x000000008abb3500}: com/sun/javafx/scene/control/skin/resources/controls> (0x000000008abb3500) 
thrown [s\open\src\hotspot\share\prims\jni.cpp, line 539]
Event: 3.632 Thread 0x00000210471e3120 Exception <a 'java/lang/ClassNotFoundException'{0x000000008abc19c0}: com/sun/javafx/scene/control/skin/resources/controls_en> (0x000000008abc19c0) 
thrown [s\open\src\hotspot\share\prims\jni.cpp, line 539]
Event: 3.633 Thread 0x00000210471e3120 Exception <a 'java/lang/ClassNotFoundException'{0x000000008abc2f38}: com/sun/javafx/scene/control/skin/resources/controls_en_US> (0x000000008abc2f38) 
thrown [s\open\src\hotspot\share\prims\jni.cpp, line 539]
Event: 3.681 Thread 0x00000210471e3120 Exception <a 'java/lang/NoSuchMethodError'{0x000000008a94f4f0}: 'void java.lang.invoke.DirectMethodHandle$Holder.invokeSpecial(java.lang.Object, java.lang.Object, java.lang.Object, java.lang.Object, java.lang.Object, java.lang.Object)'> (0x000000008a94f4f0) 
thrown [s\open\src\hotspot\share\interpreter\linkResolver.cpp, line 773]
Event: 3.870 Thread 0x00000210471e3120 Exception <a 'java/lang/NoSuchMethodError'{0x000000008a2e97d8}: 'int java.lang.invoke.DirectMethodHandle$Holder.invokeSpecial(java.lang.Object, java.lang.Object, int)'> (0x000000008a2e97d8) 
thrown [s\open\src\hotspot\share\interpreter\linkResolver.cpp, line 773]

ZGC Phase Switch (0 events):
No events

VM Operations (20 events):
Event: 0.335 Executing VM operation: HandshakeAllThreads (Deoptimize)
Event: 0.335 Executing VM operation: HandshakeAllThreads (Deoptimize) done
Event: 0.961 Executing VM operation: HandshakeAllThreads (Deoptimize)
Event: 0.961 Executing VM operation: HandshakeAllThreads (Deoptimize) done
Event: 1.237 Executing VM operation: G1CollectForAllocation (G1 Evacuation Pause)
Event: 1.243 Executing VM operation: G1CollectForAllocation (G1 Evacuation Pause) done
Event: 1.336 Executing VM operation: HandshakeAllThreads (Deoptimize)
Event: 1.336 Executing VM operation: HandshakeAllThreads (Deoptimize) done
Event: 1.526 Executing VM operation: HandshakeAllThreads (Deoptimize)
Event: 1.526 Executing VM operation: HandshakeAllThreads (Deoptimize) done
Event: 1.996 Executing VM operation: ICBufferFull
Event: 1.996 Executing VM operation: ICBufferFull done
Event: 3.528 Executing VM operation: G1CollectForAllocation (G1 Evacuation Pause)
Event: 3.537 Executing VM operation: G1CollectForAllocation (G1 Evacuation Pause) done
Event: 3.679 Executing VM operation: HandshakeAllThreads (Deoptimize)
Event: 3.679 Executing VM operation: HandshakeAllThreads (Deoptimize) done
Event: 3.784 Executing VM operation: HandshakeAllThreads (Deoptimize)
Event: 3.784 Executing VM operation: HandshakeAllThreads (Deoptimize) done
Event: 3.996 Executing VM operation: ICBufferFull
Event: 3.996 Executing VM operation: ICBufferFull done

Events (20 events):
Event: 0.251 Thread 0x00000210470e57e0 Thread added: 0x00000210470e57e0
Event: 0.254 Thread 0x0000021047123850 Thread added: 0x0000021047123850
Event: 0.427 Thread 0x000002104765dad0 Thread added: 0x000002104765dad0
Event: 0.427 Thread 0x0000021047d72820 Thread added: 0x0000021047d72820
Event: 0.703 Thread 0x0000021047123850 Thread exited: 0x0000021047123850
Event: 0.724 Thread 0x00000210470e57e0 Thread exited: 0x00000210470e57e0
Event: 0.839 Thread 0x00000210480b3210 Thread added: 0x00000210480b3210
Event: 0.845 Thread 0x0000021047c86530 Thread added: 0x0000021047c86530
Event: 0.949 Thread 0x00000210480b3210 Thread exited: 0x00000210480b3210
Event: 0.976 Thread 0x00000210475ce7f0 Thread added: 0x00000210475ce7f0
Event: 0.982 Thread 0x00000210471e3120 Thread added: 0x00000210471e3120
Event: 1.157 Thread 0x0000021047d5b130 Thread added: 0x0000021047d5b130
Event: 1.165 Thread 0x0000021047d4e760 Thread added: 0x0000021047d4e760
Event: 1.560 Thread 0x0000021047facc00 Thread added: 0x0000021047facc00
Event: 1.569 Thread 0x0000021047b883c0 Thread added: 0x0000021047b883c0
Event: 2.109 Thread 0x0000021047b883c0 Thread exited: 0x0000021047b883c0
Event: 2.285 Thread 0x0000021047facc00 Thread exited: 0x0000021047facc00
Event: 3.453 Thread 0x000002104818ca40 Thread added: 0x000002104818ca40
Event: 3.524 Thread 0x00000210486b89b0 Thread added: 0x00000210486b89b0
Event: 3.956 Thread 0x00000210487e3cf0 Thread added: 0x00000210487e3cf0


Dynamic libraries:
0x00007ff68f900000 - 0x00007ff68f910000 	C:\Program Files\Java\jdk-21\bin\java.exe
0x00007ff849820000 - 0x00007ff849a87000 	C:\WINDOWS\SYSTEM32\ntdll.dll
0x00007ff848980000 - 0x00007ff848a49000 	C:\WINDOWS\System32\KERNEL32.DLL
0x00007ff8463f0000 - 0x00007ff8467e4000 	C:\WINDOWS\System32\KERNELBASE.dll
0x00007ff847190000 - 0x00007ff8472db000 	C:\WINDOWS\System32\ucrtbase.dll
0x00007ff809be0000 - 0x00007ff809bf9000 	C:\Program Files\Java\jdk-21\bin\jli.dll
0x00007ff809b10000 - 0x00007ff809b2b000 	C:\Program Files\Java\jdk-21\bin\VCRUNTIME140.dll
0x00007ff8491c0000 - 0x00007ff849276000 	C:\WINDOWS\System32\ADVAPI32.dll
0x00007ff848320000 - 0x00007ff8483c9000 	C:\WINDOWS\System32\msvcrt.dll
0x00007ff849590000 - 0x00007ff849637000 	C:\WINDOWS\System32\sechost.dll
0x00007ff847670000 - 0x00007ff847788000 	C:\WINDOWS\System32\RPCRT4.dll
0x00007ff847c20000 - 0x00007ff847de5000 	C:\WINDOWS\System32\USER32.dll
0x00007ff821e30000 - 0x00007ff8220c3000 	C:\WINDOWS\WinSxS\amd64_microsoft.windows.common-controls_6595b64144ccf1df_6.0.26100.8115_none_3e075c82e3354f9c\COMCTL32.dll
0x00007ff846310000 - 0x00007ff846337000 	C:\WINDOWS\System32\win32u.dll
0x00007ff849560000 - 0x00007ff84958b000 	C:\WINDOWS\System32\GDI32.dll
0x00007ff8467f0000 - 0x00007ff84691b000 	C:\WINDOWS\System32\gdi32full.dll
0x00007ff8460f0000 - 0x00007ff846193000 	C:\WINDOWS\System32\msvcp_win.dll
0x00007ff83fec0000 - 0x00007ff83fecb000 	C:\WINDOWS\SYSTEM32\VERSION.dll
0x00007ff849390000 - 0x00007ff8493c2000 	C:\WINDOWS\System32\IMM32.DLL
0x00007ff841310000 - 0x00007ff84131c000 	C:\Program Files\Java\jdk-21\bin\vcruntime140_1.dll
0x00007fffeb4a0000 - 0x00007fffeb52e000 	C:\Program Files\Java\jdk-21\bin\msvcp140.dll
0x00007fff71620000 - 0x00007fff7233d000 	C:\Program Files\Java\jdk-21\bin\server\jvm.dll
0x00007ff848190000 - 0x00007ff848210000 	C:\WINDOWS\System32\WS2_32.dll
0x00007ff845f70000 - 0x00007ff845fce000 	C:\WINDOWS\SYSTEM32\POWRPROF.dll
0x00007ff82fa20000 - 0x00007ff82fa56000 	C:\WINDOWS\SYSTEM32\WINMM.dll
0x00007ff845f30000 - 0x00007ff845f44000 	C:\WINDOWS\SYSTEM32\UMPDC.dll
0x00007ff844e80000 - 0x00007ff844e9b000 	C:\WINDOWS\SYSTEM32\kernel.appcore.dll
0x00007ff821210000 - 0x00007ff82121a000 	C:\Program Files\Java\jdk-21\bin\jimage.dll
0x00007ff843ff0000 - 0x00007ff844232000 	C:\WINDOWS\SYSTEM32\DBGHELP.DLL
0x00007ff848570000 - 0x00007ff8488f2000 	C:\WINDOWS\System32\combase.dll
0x00007ff848220000 - 0x00007ff8482f8000 	C:\WINDOWS\System32\OLEAUT32.dll
0x00007ff8412a0000 - 0x00007ff8412db000 	C:\WINDOWS\SYSTEM32\dbgcore.DLL
0x00007ff846340000 - 0x00007ff8463e5000 	C:\WINDOWS\System32\bcryptPrimitives.dll
0x00007ff8210e0000 - 0x00007ff8210ef000 	C:\Program Files\Java\jdk-21\bin\instrument.dll
0x00007ff8073e0000 - 0x00007ff8073ff000 	C:\Program Files\Java\jdk-21\bin\java.dll
0x00007ff848a50000 - 0x00007ff8491b7000 	C:\WINDOWS\System32\SHELL32.dll
0x00007ff8461a0000 - 0x00007ff84630a000 	C:\WINDOWS\System32\wintypes.dll
0x00007ff846920000 - 0x00007ff847188000 	C:\WINDOWS\System32\windows.storage.dll
0x00007ff8493e0000 - 0x00007ff8494d8000 	C:\WINDOWS\System32\SHCORE.dll
0x00007ff8494f0000 - 0x00007ff849556000 	C:\WINDOWS\System32\shlwapi.dll
0x00007ff846010000 - 0x00007ff846039000 	C:\WINDOWS\SYSTEM32\profapi.dll
0x00007fffd6c80000 - 0x00007fffd6d57000 	C:\Program Files\Java\jdk-21\bin\jsvml.dll
0x00007ff81d860000 - 0x00007ff81d870000 	C:\Program Files\Java\jdk-21\bin\net.dll
0x00007ff83a560000 - 0x00007ff83a68d000 	C:\WINDOWS\SYSTEM32\WINHTTP.dll
0x00007ff8453f0000 - 0x00007ff84545c000 	C:\WINDOWS\system32\mswsock.dll
0x00007ff800490000 - 0x00007ff8004a6000 	C:\Program Files\Java\jdk-21\bin\nio.dll
0x00007ffff5d50000 - 0x00007ffff5d68000 	C:\Program Files\Java\jdk-21\bin\zip.dll
0x00007ff81c870000 - 0x00007ff81c879000 	C:\Program Files\Java\jdk-21\bin\extnet.dll
0x0000021065230000 - 0x0000021065233000 	C:\Users\sajjad laptop\Downloads\openjfx-21.0.2_windows-x64_bin-sdk\javafx-sdk-21.0.2\bin\api-ms-win-core-console-l1-1-0.dll
0x0000021065240000 - 0x0000021065243000 	C:\Users\sajjad laptop\Downloads\openjfx-21.0.2_windows-x64_bin-sdk\javafx-sdk-21.0.2\bin\api-ms-win-core-console-l1-2-0.dll
0x0000021065250000 - 0x0000021065253000 	C:\Users\sajjad laptop\Downloads\openjfx-21.0.2_windows-x64_bin-sdk\javafx-sdk-21.0.2\bin\api-ms-win-core-datetime-l1-1-0.dll
0x0000021065260000 - 0x0000021065263000 	C:\Users\sajjad laptop\Downloads\openjfx-21.0.2_windows-x64_bin-sdk\javafx-sdk-21.0.2\bin\api-ms-win-core-debug-l1-1-0.dll
0x000002107fd40000 - 0x000002107fd43000 	C:\Users\sajjad laptop\Downloads\openjfx-21.0.2_windows-x64_bin-sdk\javafx-sdk-21.0.2\bin\api-ms-win-core-errorhandling-l1-1-0.dll
0x000002107fd50000 - 0x000002107fd54000 	C:\Users\sajjad laptop\Downloads\openjfx-21.0.2_windows-x64_bin-sdk\javafx-sdk-21.0.2\bin\api-ms-win-core-file-l1-1-0.dll
0x000002107fd60000 - 0x000002107fd63000 	C:\Users\sajjad laptop\Downloads\openjfx-21.0.2_windows-x64_bin-sdk\javafx-sdk-21.0.2\bin\api-ms-win-core-file-l1-2-0.dll
0x000002107fea0000 - 0x000002107fea3000 	C:\Users\sajjad laptop\Downloads\openjfx-21.0.2_windows-x64_bin-sdk\javafx-sdk-21.0.2\bin\api-ms-win-core-file-l2-1-0.dll
0x000002107fd70000 - 0x000002107fd73000 	C:\Users\sajjad laptop\Downloads\openjfx-21.0.2_windows-x64_bin-sdk\javafx-sdk-21.0.2\bin\api-ms-win-core-handle-l1-1-0.dll
0x000002107fd80000 - 0x000002107fd83000 	C:\Users\sajjad laptop\Downloads\openjfx-21.0.2_windows-x64_bin-sdk\javafx-sdk-21.0.2\bin\api-ms-win-core-heap-l1-1-0.dll
0x000002107fd90000 - 0x000002107fd93000 	C:\Users\sajjad laptop\Downloads\openjfx-21.0.2_windows-x64_bin-sdk\javafx-sdk-21.0.2\bin\api-ms-win-core-interlocked-l1-1-0.dll
0x000002107fda0000 - 0x000002107fda3000 	C:\Users\sajjad laptop\Downloads\openjfx-21.0.2_windows-x64_bin-sdk\javafx-sdk-21.0.2\bin\api-ms-win-core-libraryloader-l1-1-0.dll
0x000002107fdb0000 - 0x000002107fdb3000 	C:\Users\sajjad laptop\Downloads\openjfx-21.0.2_windows-x64_bin-sdk\javafx-sdk-21.0.2\bin\api-ms-win-core-localization-l1-2-0.dll
0x000002107fdc0000 - 0x000002107fdc3000 	C:\Users\sajjad laptop\Downloads\openjfx-21.0.2_windows-x64_bin-sdk\javafx-sdk-21.0.2\bin\api-ms-win-core-memory-l1-1-0.dll
0x000002107fdd0000 - 0x000002107fdd3000 	C:\Users\sajjad laptop\Downloads\openjfx-21.0.2_windows-x64_bin-sdk\javafx-sdk-21.0.2\bin\api-ms-win-core-namedpipe-l1-1-0.dll
0x000002107fde0000 - 0x000002107fde3000 	C:\Users\sajjad laptop\Downloads\openjfx-21.0.2_windows-x64_bin-sdk\javafx-sdk-21.0.2\bin\api-ms-win-core-processenvironment-l1-1-0.dll
0x000002107fdf0000 - 0x000002107fdf3000 	C:\Users\sajjad laptop\Downloads\openjfx-21.0.2_windows-x64_bin-sdk\javafx-sdk-21.0.2\bin\api-ms-win-core-processthreads-l1-1-0.dll
0x000002107fe00000 - 0x000002107fe03000 	C:\Users\sajjad laptop\Downloads\openjfx-21.0.2_windows-x64_bin-sdk\javafx-sdk-21.0.2\bin\api-ms-win-core-processthreads-l1-1-1.dll
0x000002107fe10000 - 0x000002107fe13000 	C:\Users\sajjad laptop\Downloads\openjfx-21.0.2_windows-x64_bin-sdk\javafx-sdk-21.0.2\bin\api-ms-win-core-profile-l1-1-0.dll
0x000002107fe20000 - 0x000002107fe23000 	C:\Users\sajjad laptop\Downloads\openjfx-21.0.2_windows-x64_bin-sdk\javafx-sdk-21.0.2\bin\api-ms-win-core-rtlsupport-l1-1-0.dll
0x000002107fe30000 - 0x000002107fe33000 	C:\Users\sajjad laptop\Downloads\openjfx-21.0.2_windows-x64_bin-sdk\javafx-sdk-21.0.2\bin\api-ms-win-core-string-l1-1-0.dll
0x000002107fe40000 - 0x000002107fe43000 	C:\Users\sajjad laptop\Downloads\openjfx-21.0.2_windows-x64_bin-sdk\javafx-sdk-21.0.2\bin\api-ms-win-core-synch-l1-1-0.dll
0x000002107fe50000 - 0x000002107fe53000 	C:\Users\sajjad laptop\Downloads\openjfx-21.0.2_windows-x64_bin-sdk\javafx-sdk-21.0.2\bin\api-ms-win-core-synch-l1-2-0.dll
0x000002107fe60000 - 0x000002107fe63000 	C:\Users\sajjad laptop\Downloads\openjfx-21.0.2_windows-x64_bin-sdk\javafx-sdk-21.0.2\bin\api-ms-win-core-sysinfo-l1-1-0.dll
0x000002107fe70000 - 0x000002107fe73000 	C:\Users\sajjad laptop\Downloads\openjfx-21.0.2_windows-x64_bin-sdk\javafx-sdk-21.0.2\bin\api-ms-win-core-timezone-l1-1-0.dll
0x000002107fe80000 - 0x000002107fe83000 	C:\Users\sajjad laptop\Downloads\openjfx-21.0.2_windows-x64_bin-sdk\javafx-sdk-21.0.2\bin\api-ms-win-core-util-l1-1-0.dll
0x000002107fe90000 - 0x000002107fe93000 	C:\Users\sajjad laptop\Downloads\openjfx-21.0.2_windows-x64_bin-sdk\javafx-sdk-21.0.2\bin\api-ms-win-crt-conio-l1-1-0.dll
0x000002107feb0000 - 0x000002107feb4000 	C:\Users\sajjad laptop\Downloads\openjfx-21.0.2_windows-x64_bin-sdk\javafx-sdk-21.0.2\bin\api-ms-win-crt-convert-l1-1-0.dll
0x000002107fec0000 - 0x000002107fec3000 	C:\Users\sajjad laptop\Downloads\openjfx-21.0.2_windows-x64_bin-sdk\javafx-sdk-21.0.2\bin\api-ms-win-crt-environment-l1-1-0.dll
0x000002107fed0000 - 0x000002107fed3000 	C:\Users\sajjad laptop\Downloads\openjfx-21.0.2_windows-x64_bin-sdk\javafx-sdk-21.0.2\bin\api-ms-win-crt-filesystem-l1-1-0.dll
0x000002107fee0000 - 0x000002107fee3000 	C:\Users\sajjad laptop\Downloads\openjfx-21.0.2_windows-x64_bin-sdk\javafx-sdk-21.0.2\bin\api-ms-win-crt-heap-l1-1-0.dll
0x0000021048bd0000 - 0x0000021048bd3000 	C:\Users\sajjad laptop\Downloads\openjfx-21.0.2_windows-x64_bin-sdk\javafx-sdk-21.0.2\bin\api-ms-win-crt-locale-l1-1-0.dll
0x0000021048be0000 - 0x0000021048be5000 	C:\Users\sajjad laptop\Downloads\openjfx-21.0.2_windows-x64_bin-sdk\javafx-sdk-21.0.2\bin\api-ms-win-crt-math-l1-1-0.dll
0x0000021048bf0000 - 0x0000021048bf5000 	C:\Users\sajjad laptop\Downloads\openjfx-21.0.2_windows-x64_bin-sdk\javafx-sdk-21.0.2\bin\api-ms-win-crt-multibyte-l1-1-0.dll
0x0000021048c00000 - 0x0000021048c10000 	C:\Users\sajjad laptop\Downloads\openjfx-21.0.2_windows-x64_bin-sdk\javafx-sdk-21.0.2\bin\api-ms-win-crt-private-l1-1-0.dll
0x0000021048c10000 - 0x0000021048c13000 	C:\Users\sajjad laptop\Downloads\openjfx-21.0.2_windows-x64_bin-sdk\javafx-sdk-21.0.2\bin\api-ms-win-crt-process-l1-1-0.dll
0x0000021048c20000 - 0x0000021048c24000 	C:\Users\sajjad laptop\Downloads\openjfx-21.0.2_windows-x64_bin-sdk\javafx-sdk-21.0.2\bin\api-ms-win-crt-runtime-l1-1-0.dll
0x0000021048c30000 - 0x0000021048c34000 	C:\Users\sajjad laptop\Downloads\openjfx-21.0.2_windows-x64_bin-sdk\javafx-sdk-21.0.2\bin\api-ms-win-crt-stdio-l1-1-0.dll
0x0000021048c40000 - 0x0000021048c44000 	C:\Users\sajjad laptop\Downloads\openjfx-21.0.2_windows-x64_bin-sdk\javafx-sdk-21.0.2\bin\api-ms-win-crt-string-l1-1-0.dll
0x0000021048c50000 - 0x0000021048c53000 	C:\Users\sajjad laptop\Downloads\openjfx-21.0.2_windows-x64_bin-sdk\javafx-sdk-21.0.2\bin\api-ms-win-crt-time-l1-1-0.dll
0x0000021048c60000 - 0x0000021048c63000 	C:\Users\sajjad laptop\Downloads\openjfx-21.0.2_windows-x64_bin-sdk\javafx-sdk-21.0.2\bin\api-ms-win-crt-utility-l1-1-0.dll
0x00007fffb9440000 - 0x00007fffb953c000 	C:\Users\sajjad laptop\Downloads\openjfx-21.0.2_windows-x64_bin-sdk\javafx-sdk-21.0.2\bin\ucrtbase.dll
0x00007ffff5d30000 - 0x00007ffff5d4b000 	C:\Users\sajjad laptop\Downloads\openjfx-21.0.2_windows-x64_bin-sdk\javafx-sdk-21.0.2\bin\vcruntime140.dll
0x00007ff814c50000 - 0x00007ff814c5c000 	C:\Users\sajjad laptop\Downloads\openjfx-21.0.2_windows-x64_bin-sdk\javafx-sdk-21.0.2\bin\vcruntime140_1.dll
0x00007fffeb410000 - 0x00007fffeb49e000 	C:\Users\sajjad laptop\Downloads\openjfx-21.0.2_windows-x64_bin-sdk\javafx-sdk-21.0.2\bin\msvcp140.dll
0x00007ff813030000 - 0x00007ff813039000 	C:\Users\sajjad laptop\Downloads\openjfx-21.0.2_windows-x64_bin-sdk\javafx-sdk-21.0.2\bin\msvcp140_1.dll
0x00007ffff3e80000 - 0x00007ffff3ec1000 	C:\Users\sajjad laptop\Downloads\openjfx-21.0.2_windows-x64_bin-sdk\javafx-sdk-21.0.2\bin\msvcp140_2.dll
0x00007ffff42a0000 - 0x00007ffff42d0000 	C:\Users\sajjad laptop\Downloads\openjfx-21.0.2_windows-x64_bin-sdk\javafx-sdk-21.0.2\bin\prism_d3d.dll
0x00007fffebaf0000 - 0x00007fffebca2000 	C:\WINDOWS\system32\d3d9.dll
0x00007ff843a10000 - 0x00007ff843a3f000 	C:\WINDOWS\SYSTEM32\dwmapi.dll
0x00007ff8439a0000 - 0x00007ff8439e3000 	C:\WINDOWS\SYSTEM32\dxcore.dll
0x00007ff843750000 - 0x00007ff8437f9000 	C:\WINDOWS\system32\uxtheme.dll
0x00007fff9f5b0000 - 0x00007fff9f75d000 	C:\WINDOWS\System32\DriverStore\FileRepository\iigd_dch.inf_amd64_ee473bb1b3cf1637\igdumdim64.dll
0x00007ff8483d0000 - 0x00007ff848567000 	C:\WINDOWS\System32\ole32.dll
0x00007fff58aa0000 - 0x00007fff5bb44000 	C:\WINDOWS\System32\DriverStore\FileRepository\iigd_dch.inf_amd64_ee473bb1b3cf1637\igd9dxva64.dll
0x00007ff847790000 - 0x00007ff847c17000 	C:\WINDOWS\System32\SETUPAPI.dll
0x00007ff845c60000 - 0x00007ff845cb1000 	C:\WINDOWS\SYSTEM32\cfgmgr32.dll
0x00007ff83e5b0000 - 0x00007ff83e9b9000 	C:\WINDOWS\System32\DriverStore\FileRepository\iigd_dch.inf_amd64_ee473bb1b3cf1637\igdgmm64.dll
0x00007ff8402b0000 - 0x00007ff840311000 	C:\WINDOWS\SYSTEM32\directxdatabasehelper.dll
0x00007ffff3100000 - 0x00007ffff3142000 	C:\Users\sajjad laptop\Downloads\openjfx-21.0.2_windows-x64_bin-sdk\javafx-sdk-21.0.2\bin\glass.dll
0x00007ff848090000 - 0x00007ff84817f000 	C:\WINDOWS\System32\COMDLG32.dll
0x00007ff849680000 - 0x00007ff8497dc000 	C:\WINDOWS\System32\MSCTF.dll
0x00007ff800400000 - 0x00007ff800427000 	C:\WINDOWS\System32\DriverStore\FileRepository\iigd_dch.inf_amd64_ee473bb1b3cf1637\igdinfo64.dll
0x00007ff83a690000 - 0x00007ff83de26000 	C:\WINDOWS\System32\DriverStore\FileRepository\iigd_dch.inf_amd64_ee473bb1b3cf1637\igc64.dll
0x00007ffff2ce0000 - 0x00007ffff2cf4000 	C:\Users\sajjad laptop\Downloads\openjfx-21.0.2_windows-x64_bin-sdk\javafx-sdk-21.0.2\bin\javafx_font.dll
0x00007ff841cd0000 - 0x00007ff841f37000 	C:\WINDOWS\SYSTEM32\dwrite.dll
0x00007ff8475b0000 - 0x00007ff84765e000 	C:\WINDOWS\System32\clbcatq.dll
0x00007ff841600000 - 0x00007ff84182e000 	C:\WINDOWS\SYSTEM32\WindowsCodecs.dll
0x00007ff821080000 - 0x00007ff8210da000 	C:\WINDOWS\system32\dataexchange.dll
0x00007ff839af0000 - 0x00007ff839d3d000 	C:\WINDOWS\system32\twinapi.appcore.dll
0x00007ffff2500000 - 0x00007ffff252c000 	C:\Program Files\Common Files\Microsoft Shared\Ink\rtscom.dll

dbghelp: loaded successfully - version: 4.0.5 - missing functions: none
symbol engine: initialized successfully - sym options: 0x614 - pdb path: .;C:\Program Files\Java\jdk-21\bin;C:\WINDOWS\SYSTEM32;C:\WINDOWS\WinSxS\amd64_microsoft.windows.common-controls_6595b64144ccf1df_6.0.26100.8115_none_3e075c82e3354f9c;C:\Program Files\Java\jdk-21\bin\server;C:\Users\sajjad laptop\Downloads\openjfx-21.0.2_windows-x64_bin-sdk\javafx-sdk-21.0.2\bin;C:\WINDOWS\System32\DriverStore\FileRepository\iigd_dch.inf_amd64_ee473bb1b3cf1637;C:\Program Files\Common Files\Microsoft Shared\Ink

VM Arguments:
jvm_args: --module-path=C:\Users\sajjad laptop\Downloads\openjfx-21.0.2_windows-x64_bin-sdk\javafx-sdk-21.0.2\lib --add-modules=javafx.controls,javafx.fxml -javaagent:C:\Program Files\JetBrains\IntelliJ IDEA Community Edition 2025.2.1\lib\idea_rt.jar=63822 -Dfile.encoding=UTF-8 -Dsun.stdout.encoding=UTF-8 -Dsun.stderr.encoding=UTF-8 
java_command: Main
java_class_path (initial): D:\SEM 3\OOP LAB\HMSYSTEM\out\production\HMSYSTEM;C:\Users\sajjad laptop\Downloads\openjfx-21.0.2_windows-x64_bin-sdk\javafx-sdk-21.0.2\lib\javafx-swt.jar;C:\Users\sajjad laptop\Downloads\openjfx-21.0.2_windows-x64_bin-sdk\javafx-sdk-21.0.2\lib\javafx.web.jar;C:\Users\sajjad laptop\Downloads\openjfx-21.0.2_windows-x64_bin-sdk\javafx-sdk-21.0.2\lib\javafx.base.jar;C:\Users\sajjad laptop\Downloads\openjfx-21.0.2_windows-x64_bin-sdk\javafx-sdk-21.0.2\lib\javafx.fxml.jar;C:\Users\sajjad laptop\Downloads\openjfx-21.0.2_windows-x64_bin-sdk\javafx-sdk-21.0.2\lib\javafx.media.jar;C:\Users\sajjad laptop\Downloads\openjfx-21.0.2_windows-x64_bin-sdk\javafx-sdk-21.0.2\lib\javafx.swing.jar;C:\Users\sajjad laptop\Downloads\openjfx-21.0.2_windows-x64_bin-sdk\javafx-sdk-21.0.2\lib\javafx.controls.jar;C:\Users\sajjad laptop\Downloads\openjfx-21.0.2_windows-x64_bin-sdk\javafx-sdk-21.0.2\lib\javafx.graphics.jar
Launcher Type: SUN_STANDARD

[Global flags]
     intx CICompilerCount                          = 4                                         {product} {ergonomic}
     uint ConcGCThreads                            = 2                                         {product} {ergonomic}
     uint G1ConcRefinementThreads                  = 8                                         {product} {ergonomic}
   size_t G1HeapRegionSize                         = 1048576                                   {product} {ergonomic}
    uintx GCDrainStackTargetSize                   = 64                                        {product} {ergonomic}
   size_t InitialHeapSize                          = 132120576                                 {product} {ergonomic}
   size_t MarkStackSize                            = 4194304                                   {product} {ergonomic}
   size_t MaxHeapSize                              = 2097152000                                {product} {ergonomic}
   size_t MaxNewSize                               = 1258291200                                {product} {ergonomic}
   size_t MinHeapDeltaBytes                        = 1048576                                   {product} {ergonomic}
   size_t MinHeapSize                              = 8388608                                   {product} {ergonomic}
    uintx NonNMethodCodeHeapSize                   = 5839372                                {pd product} {ergonomic}
    uintx NonProfiledCodeHeapSize                  = 122909434                              {pd product} {ergonomic}
    uintx ProfiledCodeHeapSize                     = 122909434                              {pd product} {ergonomic}
    uintx ReservedCodeCacheSize                    = 251658240                              {pd product} {ergonomic}
     bool SegmentedCodeCache                       = true                                      {product} {ergonomic}
   size_t SoftMaxHeapSize                          = 2097152000                             {manageable} {ergonomic}
     bool UseCompressedOops                        = true                           {product lp64_product} {ergonomic}
     bool UseG1GC                                  = true                                      {product} {ergonomic}
     bool UseLargePagesIndividualAllocation        = false                                  {pd product} {ergonomic}

Logging:
Log output configuration:
 #0: stdout all=warning uptime,level,tags foldmultilines=false
 #1: stderr all=off uptime,level,tags foldmultilines=false

Environment Variables:
PATH=C:\Program Files\Microsoft MPI\Bin\;C:\Program Files\Common Files\Oracle\Java\javapath;C:\WINDOWS\system32;C:\WINDOWS;C:\WINDOWS\System32\Wbem;C:\WINDOWS\System32\WindowsPowerShell\v1.0\;C:\WINDOWS\System32\OpenSSH\;C:\Program Files (x86)\Windows Kits\10\Windows Performance Toolkit\;C:\Program Files\dotnet\;C:\Program Files\Microsoft SQL Server\170\DTS\Binn\;C:\Program Files (x86)\Microsoft SQL Server\170\Tools\Binn\;C:\Program Files\Microsoft SQL Server\170\Tools\Binn\;C:\Program Files\Microsoft SQL Server\Client SDK\ODBC\180\Tools\Binn\;C:\Program Files\Git\cmd;C:\Users\sajjad laptop\AppData\Local\Programs\Python\Launcher\;C:\Users\sajjad laptop\AppData\Local\Microsoft\WindowsApps;;C:\Program Files\JetBrains\IntelliJ IDEA 2024.2.3\bin;;C:\Users\sajjad laptop\AppData\Local\Programs\Microsoft VS Code\bin
USERNAME=sajjad laptop
OS=Windows_NT
PROCESSOR_IDENTIFIER=Intel64 Family 6 Model 142 Stepping 12, GenuineIntel
TMP=C:\Users\SAJJAD~1\AppData\Local\Temp
TEMP=C:\Users\SAJJAD~1\AppData\Local\Temp




Periodic native trim disabled

---------------  S Y S T E M  ---------------

OS:
 Windows 11 , 64 bit Build 26100 (10.0.26100.8246)
OS uptime: 3 days 18:46 hours

CPU: total 8 (initial active 8) (4 cores per cpu, 2 threads per core) family 6 model 142 stepping 12 microcode 0xfa, cx8, cmov, fxsr, ht, mmx, 3dnowpref, sse, sse2, sse3, ssse3, sse4.1, sse4.2, popcnt, lzcnt, tsc, tscinvbit, avx, avx2, aes, erms, clmul, bmi1, bmi2, adx, fma, vzeroupper, clflush, clflushopt, rdtscp, f16c
Processor Information for processor 0
  Max Mhz: 1896, Current Mhz: 1496, Mhz Limit: 1592
Processor Information for processor 1
  Max Mhz: 1896, Current Mhz: 1596, Mhz Limit: 1592
Processor Information for processor 2
  Max Mhz: 1896, Current Mhz: 1596, Mhz Limit: 1592
Processor Information for processor 3
  Max Mhz: 1896, Current Mhz: 1496, Mhz Limit: 1592
Processor Information for processor 4
  Max Mhz: 1896, Current Mhz: 1596, Mhz Limit: 1592
Processor Information for processor 5
  Max Mhz: 1896, Current Mhz: 1596, Mhz Limit: 1592
Processor Information for processor 6
  Max Mhz: 1896, Current Mhz: 1596, Mhz Limit: 1592
Processor Information for processor 7
  Max Mhz: 1896, Current Mhz: 1496, Mhz Limit: 1592

Memory: 4k page, system-wide physical 7998M (1213M free)
TotalPageFile size 12094M (AvailPageFile size 20M)
current process WorkingSet (physical memory assigned to process): 166M, peak: 169M
current process commit charge ("private bytes"): 285M, peak: 287M

vm_info: Java HotSpot(TM) 64-Bit Server VM (21.0.9+7-LTS-338) for windows-amd64 JRE (21.0.9+7-LTS-338), built on 2025-09-26T06:33:49Z by "mach5run" with MS VC++ 17.6 (VS2022)

END.
